Using pre-set license
Built from '2023.2/staging' branch; Version is '2023.2.6f1 (57daeefc879b) revision 5757678'; Using compiler version '193431935'; Build Type 'Release'
OS: 'Windows 11  (10.0.22631) 64bit Professional' Language: 'en' Physical Memory: 16232 MB
BatchMode: 1, IsHumanControllingUs: 0, StartBugReporterOnCrash: 0, Is64bit: 1, IsPro: 1

COMMAND LINE ARGUMENTS:
C:\Program Files\Unity\Hub\Editor\2023.2.6f1\Editor\Unity.exe
-adb2
-batchMode
-noUpm
-name
AssetImportWorker0
-projectPath
C:/Users/dapper/OneDrive/Desktop/yess/NEM/Unity-Platformer-Episode-4-main/2D Tutorial
-logFile
Logs/AssetImportWorker0.log
-srvPort
51810
-job-worker-count
5
-background-job-worker-count
8
-asset-garbage-collectors
1
Successfully changed project path to: C:/Users/dapper/OneDrive/Desktop/yess/NEM/Unity-Platformer-Episode-4-main/2D Tutorial
C:/Users/dapper/OneDrive/Desktop/yess/NEM/Unity-Platformer-Episode-4-main/2D Tutorial
[UnityMemory] Configuration Parameters - Can be set up in boot.config
    "memorysetup-bucket-allocator-granularity=16"
    "memorysetup-bucket-allocator-bucket-count=8"
    "memorysetup-bucket-allocator-block-size=33554432"
    "memorysetup-bucket-allocator-block-count=8"
    "memorysetup-main-allocator-block-size=16777216"
    "memorysetup-thread-allocator-block-size=16777216"
    "memorysetup-gfx-main-allocator-block-size=16777216"
    "memorysetup-gfx-thread-allocator-block-size=16777216"
    "memorysetup-cache-allocator-block-size=4194304"
    "memorysetup-typetree-allocator-block-size=2097152"
    "memorysetup-profiler-bucket-allocator-granularity=16"
    "memorysetup-profiler-bucket-allocator-bucket-count=8"
    "memorysetup-profiler-bucket-allocator-block-size=33554432"
    "memorysetup-profiler-bucket-allocator-block-count=8"
    "memorysetup-profiler-allocator-block-size=16777216"
    "memorysetup-profiler-editor-allocator-block-size=1048576"
    "memorysetup-temp-allocator-size-main=16777216"
    "memorysetup-job-temp-allocator-block-size=2097152"
    "memorysetup-job-temp-allocator-block-size-background=1048576"
    "memorysetup-job-temp-allocator-reduction-small-platforms=262144"
    "memorysetup-allocator-temp-initial-block-size-main=262144"
    "memorysetup-allocator-temp-initial-block-size-worker=262144"
    "memorysetup-temp-allocator-size-background-worker=32768"
    "memorysetup-temp-allocator-size-job-worker=262144"
    "memorysetup-temp-allocator-size-preload-manager=33554432"
    "memorysetup-temp-allocator-size-nav-mesh-worker=65536"
    "memorysetup-temp-allocator-size-audio-worker=65536"
    "memorysetup-temp-allocator-size-cloud-worker=32768"
    "memorysetup-temp-allocator-size-gi-baking-worker=262144"
    "memorysetup-temp-allocator-size-gi-baking-worker=262144"
    "memorysetup-temp-allocator-size-gi-baking-worker=262144"
    "memorysetup-temp-allocator-size-gi-baking-worker=262144"
    "memorysetup-temp-allocator-size-gfx=262144"
Player connection [7948] Host "[IP] 25.73.45.240 [Port] 0 [Flags] 2 [Guid] 2775231964 [EditorId] 2775231964 [Version] 1048832 [Id] WindowsEditor(7,Kaori) [Debug] 1 [PackageName] WindowsEditor [ProjectName] Editor" joined multi-casting on [225.0.0.222:54997]...
Player connection [7948] Host "[IP] 25.73.45.240 [Port] 0 [Flags] 2 [Guid] 2775231964 [EditorId] 2775231964 [Version] 1048832 [Id] WindowsEditor(7,Kaori) [Debug] 1 [PackageName] WindowsEditor [ProjectName] Editor" joined alternative multi-casting on [225.0.0.222:34997]...
JobSystem: Creating JobQueue using job-worker-count value 5
[Physics::Module] Initialized MultithreadedJobDispatcher with 5 workers.
Library Redirect Path: Library/
Refreshing native plugins compatible for Editor in 1.40 ms, found 3 plugins.
Preloading 0 native plugins for Editor in 0.00 ms.
Initialize engine version: 2023.2.6f1 (57daeefc879b)
[Subsystems] Discovering subsystems at path C:/Program Files/Unity/Hub/Editor/2023.2.6f1/Editor/Data/Resources/UnitySubsystems
[Subsystems] Discovering subsystems at path C:/Users/dapper/OneDrive/Desktop/yess/NEM/Unity-Platformer-Episode-4-main/2D Tutorial/Assets
GfxDevice: creating device client; kGfxThreadingModeNonThreaded
Direct3D:
    Version:  Direct3D 11.0 [level 11.1]
    Renderer: NVIDIA GeForce RTX 3060 (ID=0x2504)
    Vendor:   NVIDIA
    VRAM:     12115 MB
    Driver:   31.0.15.5123
Initialize mono
Mono path[0] = 'C:/Program Files/Unity/Hub/Editor/2023.2.6f1/Editor/Data/Managed'
Mono path[1] = 'C:/Program Files/Unity/Hub/Editor/2023.2.6f1/Editor/Data/MonoBleedingEdge/lib/mono/unityjit-win32'
Mono config path = 'C:/Program Files/Unity/Hub/Editor/2023.2.6f1/Editor/Data/MonoBleedingEdge/etc'
Using monoOptions --debugger-agent=transport=dt_socket,embedding=1,server=y,suspend=n,address=127.0.0.1:56936
Begin MonoManager ReloadAssembly
C:\build\output\Unity-Technologies\mono\mono\metadata\icall.c:1842:
C:\build\output\Unity-Technologies\mono\mono\metadata\icall.c:1842:
C:\build\output\Unity-Technologies\mono\mono\metadata\icall.c:1842:
C:\build\output\Unity-Technologies\mono\mono\metadata\icall.c:1842:
C:\build\output\Unity-Technologies\mono\mono\metadata\icall.c:1842:
C:\build\output\Unity-Technologies\mono\mono\metadata\icall.c:1842:
C:\build\output\Unity-Technologies\mono\mono\metadata\icall.c:1842:
C:\build\output\Unity-Technologies\mono\mono\metadata\icall.c:1842:
C:\build\output\Unity-Technologies\mono\mono\metadata\icall.c:1842:
C:\build\output\Unity-Technologies\mono\mono\metadata\icall.c:1842:
Registering precompiled unity dll's ...
Register platform support module: C:/Program Files/Unity/Hub/Editor/2023.2.6f1/Editor/Data/PlaybackEngines/WindowsStandaloneSupport/UnityEditor.WindowsStandalone.Extensions.dll
Registered in 0.002324 seconds.
- Loaded All Assemblies, in  0.473 seconds
Native extension for WindowsStandalone target not found
Mono: successfully reloaded assembly
C:\build\output\Unity-Technologies\mono\mono\metadata\icall.c:1842:
C:\build\output\Unity-Technologies\mono\mono\metadata\icall.c:1842:
- Finished resetting the current domain, in  0.369 seconds
Domain Reload Profiling: 840ms
	BeginReloadAssembly (147ms)
		ExecutionOrderSort (0ms)
		DisableScriptedObjects (0ms)
		BackupInstance (0ms)
		ReleaseScriptingObjects (0ms)
		CreateAndSetChildDomain (1ms)
	RebuildCommonClasses (48ms)
	RebuildNativeTypeToScriptingClass (16ms)
	initialDomainReloadingComplete (53ms)
	LoadAllAssembliesAndSetupDomain (208ms)
		LoadAssemblies (144ms)
		RebuildTransferFunctionScriptingTraits (0ms)
		AnalyzeDomain (206ms)
			TypeCache.Refresh (204ms)
				TypeCache.ScanAssembly (189ms)
			BuildScriptInfoCaches (0ms)
			ResolveRequiredComponents (1ms)
	FinalizeReload (369ms)
		ReleaseScriptCaches (0ms)
		RebuildScriptCaches (0ms)
		SetupLoadedEditorAssemblies (309ms)
			LogAssemblyErrors (0ms)
			InitializePlatformSupportModulesInManaged (10ms)
			SetLoadedEditorAssemblies (7ms)
			BeforeProcessingInitializeOnLoad (9ms)
			ProcessInitializeOnLoadAttributes (224ms)
			ProcessInitializeOnLoadMethodAttributes (60ms)
			AfterProcessingInitializeOnLoad (0ms)
			EditorAssembliesLoaded (0ms)
		ExecutionOrderSort2 (0ms)
		AwakeInstancesAfterBackupRestoration (0ms)
========================================================================
Worker process is ready to serve import requests
Import Worker Mode flag is 0x00
Begin MonoManager ReloadAssembly
C:\build\output\Unity-Technologies\mono\mono\metadata\icall.c:1842:
C:\build\output\Unity-Technologies\mono\mono\metadata\icall.c:1842:
C:\build\output\Unity-Technologies\mono\mono\metadata\icall.c:1842:
C:\build\output\Unity-Technologies\mono\mono\metadata\icall.c:1842:
C:\build\output\Unity-Technologies\mono\mono\metadata\icall.c:1842:
C:\build\output\Unity-Technologies\mono\mono\metadata\icall.c:1842:
C:\build\output\Unity-Technologies\mono\mono\metadata\icall.c:1842:
C:\build\output\Unity-Technologies\mono\mono\metadata\icall.c:1842:
C:\build\output\Unity-Technologies\mono\mono\metadata\icall.c:1842:
C:\build\output\Unity-Technologies\mono\mono\metadata\icall.c:1842:
C:\build\output\Unity-Technologies\mono\mono\metadata\icall.c:1842:
C:\build\output\Unity-Technologies\mono\mono\metadata\icall.c:1842:
- Loaded All Assemblies, in  0.827 seconds
Refreshing native plugins compatible for Editor in 0.84 ms, found 3 plugins.
Native extension for WindowsStandalone target not found
Mono: successfully reloaded assembly
- Finished resetting the current domain, in  0.708 seconds
Domain Reload Profiling: 1533ms
	BeginReloadAssembly (350ms)
		ExecutionOrderSort (0ms)
		DisableScriptedObjects (7ms)
		BackupInstance (0ms)
		ReleaseScriptingObjects (0ms)
		CreateAndSetChildDomain (33ms)
	RebuildCommonClasses (42ms)
	RebuildNativeTypeToScriptingClass (16ms)
	initialDomainReloadingComplete (42ms)
	LoadAllAssembliesAndSetupDomain (376ms)
		LoadAssemblies (315ms)
		RebuildTransferFunctionScriptingTraits (0ms)
		AnalyzeDomain (168ms)
			TypeCache.Refresh (140ms)
				TypeCache.ScanAssembly (123ms)
			BuildScriptInfoCaches (21ms)
			ResolveRequiredComponents (4ms)
	FinalizeReload (708ms)
		ReleaseScriptCaches (0ms)
		RebuildScriptCaches (0ms)
		SetupLoadedEditorAssemblies (474ms)
			LogAssemblyErrors (0ms)
			InitializePlatformSupportModulesInManaged (3ms)
			SetLoadedEditorAssemblies (5ms)
			BeforeProcessingInitializeOnLoad (41ms)
			ProcessInitializeOnLoadAttributes (383ms)
			ProcessInitializeOnLoadMethodAttributes (39ms)
			AfterProcessingInitializeOnLoad (4ms)
			EditorAssembliesLoaded (0ms)
		ExecutionOrderSort2 (0ms)
		AwakeInstancesAfterBackupRestoration (6ms)
Launched and connected shader compiler UnityShaderCompiler.exe after 0.01 seconds
Refreshing native plugins compatible for Editor in 1.29 ms, found 3 plugins.
Preloading 0 native plugins for Editor in 0.00 ms.
Unloading 13 Unused Serialized files (Serialized files now loaded: 0)
Unloading 2514 unused Assets / (0.6 MB). Loaded Objects now: 3082.
Memory consumption went from 111.1 MB to 110.5 MB.
Total: 5.996200 ms (FindLiveObjects: 0.509900 ms CreateObjectMapping: 0.585200 ms MarkObjects: 4.224900 ms  DeleteObjects: 0.674700 ms)

========================================================================
Received Import Request.
  Time since last request: 1127006.210382 seconds.
  path: Assets/Sprites/Square.png
  artifactKey: Guid(23ae424598bbad6489f16f2d2d37881e) Importer(815301076,1909f56bfc062723c751e8b465ee728b)
Start importing Assets/Sprites/Square.png using Guid(23ae424598bbad6489f16f2d2d37881e) Importer(815301076,1909f56bfc062723c751e8b465ee728b) (PreviewImporter) -> (artifact id: '4fa92c96c05e03d46f32d4bb20ba7911') in 0.0941768 seconds
Number of updated asset objects reloaded before import = 0Number of asset objects unloaded after import = 3

========================================================================
Received Import Request.
  Time since last request: 2.183813 seconds.
  path: Assets/Sprites/Character
  artifactKey: Guid(f29905189468aca4c9c1718c738f1bc8) Importer(815301076,1909f56bfc062723c751e8b465ee728b)
Start importing Assets/Sprites/Character using Guid(f29905189468aca4c9c1718c738f1bc8) Importer(815301076,1909f56bfc062723c751e8b465ee728b) (PreviewImporter) -> (artifact id: 'e81f0c1aa82bda7b4817c5fb1976adde') in 0.0005173 seconds
Number of updated asset objects reloaded before import = 0Number of asset objects unloaded after import = 0

========================================================================
Received Import Request.
  Time since last request: 1.663374 seconds.
  path: Assets/Sprites/Character/Dragon Warrior PNG
  artifactKey: Guid(080480210f236eb4d8bae4f6b33cdb46) Importer(815301076,1909f56bfc062723c751e8b465ee728b)
Start importing Assets/Sprites/Character/Dragon Warrior PNG using Guid(080480210f236eb4d8bae4f6b33cdb46) Importer(815301076,1909f56bfc062723c751e8b465ee728b) (PreviewImporter) -> (artifact id: 'aabe07bbdad2d0804779f717cf2d1c8d') in 0.0004351 seconds
Number of updated asset objects reloaded before import = 0Number of asset objects unloaded after import = 0

========================================================================
Received Import Request.
  Time since last request: 0.381327 seconds.
  path: Assets/Sprites/Character/Dragon Warrior PNG/attack_01.png
  artifactKey: Guid(2d81263c15e0870429e027cfa336f392) Importer(815301076,1909f56bfc062723c751e8b465ee728b)
Start importing Assets/Sprites/Character/Dragon Warrior PNG/attack_01.png using Guid(2d81263c15e0870429e027cfa336f392) Importer(815301076,1909f56bfc062723c751e8b465ee728b) (PreviewImporter) -> (artifact id: 'af1fd5ad6f9f6b01c9b42c3bde8704a6') in 0.0163273 seconds
Number of updated asset objects reloaded before import = 0Number of asset objects unloaded after import = 3

========================================================================
Received Import Request.
  Time since last request: 0.000020 seconds.
  path: Assets/Sprites/Character/Dragon Warrior PNG/die_008.png
  artifactKey: Guid(e5e0c75a3ed008442be94f5946f15929) Importer(815301076,1909f56bfc062723c751e8b465ee728b)
Start importing Assets/Sprites/Character/Dragon Warrior PNG/die_008.png using Guid(e5e0c75a3ed008442be94f5946f15929) Importer(815301076,1909f56bfc062723c751e8b465ee728b) (PreviewImporter) -> (artifact id: 'b89ce5dddd99aac149f909885c3a1305') in 0.0142086 seconds
Number of updated asset objects reloaded before import = 0Number of asset objects unloaded after import = 3

========================================================================
Received Import Request.
  Time since last request: 0.000018 seconds.
  path: Assets/Sprites/Character/Dragon Warrior PNG/hurt_01.png
  artifactKey: Guid(49d02ad39de757b4aa0bf76ab7df3e59) Importer(815301076,1909f56bfc062723c751e8b465ee728b)
Start importing Assets/Sprites/Character/Dragon Warrior PNG/hurt_01.png using Guid(49d02ad39de757b4aa0bf76ab7df3e59) Importer(815301076,1909f56bfc062723c751e8b465ee728b) (PreviewImporter) -> (artifact id: '7e8463983934ad8f6340453d7f1156e8') in 0.019637 seconds
Number of updated asset objects reloaded before import = 0Number of asset objects unloaded after import = 3

========================================================================
Received Import Request.
  Time since last request: 0.000024 seconds.
  path: Assets/Sprites/Character/Dragon Warrior PNG/walk_02.png
  artifactKey: Guid(23bc0af480a292c4a92209d33c2e7c0d) Importer(815301076,1909f56bfc062723c751e8b465ee728b)
Start importing Assets/Sprites/Character/Dragon Warrior PNG/walk_02.png using Guid(23bc0af480a292c4a92209d33c2e7c0d) Importer(815301076,1909f56bfc062723c751e8b465ee728b) (PreviewImporter) -> (artifact id: '2f6dec7b5a221c7d363a32e5d8a9c521') in 0.0172802 seconds
Number of updated asset objects reloaded before import = 0Number of asset objects unloaded after import = 3

========================================================================
Received Import Request.
  Time since last request: 0.000023 seconds.
  path: Assets/Sprites/Character/Dragon Warrior PNG/flyKick_05.png
  artifactKey: Guid(521660e94e83ffa4a85fd97c1535f592) Importer(815301076,1909f56bfc062723c751e8b465ee728b)
Start importing Assets/Sprites/Character/Dragon Warrior PNG/flyKick_05.png using Guid(521660e94e83ffa4a85fd97c1535f592) Importer(815301076,1909f56bfc062723c751e8b465ee728b) (PreviewImporter) -> (artifact id: 'fe73054fd8e3a3dd1eed2014d205dffa') in 0.0167257 seconds
Number of updated asset objects reloaded before import = 0Number of asset objects unloaded after import = 3

========================================================================
Received Import Request.
  Time since last request: 0.000018 seconds.
  path: Assets/Sprites/Character/Dragon Warrior PNG/walk_01.png
  artifactKey: Guid(ec6024434cc0c7f4eb61be20590aef7f) Importer(815301076,1909f56bfc062723c751e8b465ee728b)
Start importing Assets/Sprites/Character/Dragon Warrior PNG/walk_01.png using Guid(ec6024434cc0c7f4eb61be20590aef7f) Importer(815301076,1909f56bfc062723c751e8b465ee728b) (PreviewImporter) -> (artifact id: 'ff92324970730e667741962266c668bf') in 0.0144587 seconds
Number of updated asset objects reloaded before import = 0Number of asset objects unloaded after import = 3

========================================================================
Received Import Request.
  Time since last request: 0.000067 seconds.
  path: Assets/Sprites/Character/Dragon Warrior PNG/dizzy_02.png
  artifactKey: Guid(99b9eb4aa031cd34b8c4bc76201f84a1) Importer(815301076,1909f56bfc062723c751e8b465ee728b)
Start importing Assets/Sprites/Character/Dragon Warrior PNG/dizzy_02.png using Guid(99b9eb4aa031cd34b8c4bc76201f84a1) Importer(815301076,1909f56bfc062723c751e8b465ee728b) (PreviewImporter) -> (artifact id: 'c6f5f9cacc6ea1e13e4f24ae0baafbdc') in 0.0142354 seconds
Number of updated asset objects reloaded before import = 0Number of asset objects unloaded after import = 3

========================================================================
Received Import Request.
  Time since last request: 0.000044 seconds.
  path: Assets/Sprites/Character/Dragon Warrior PNG/hurt_02.png
  artifactKey: Guid(c00d49e25087e51469846d2e22e2fa6d) Importer(815301076,1909f56bfc062723c751e8b465ee728b)
Start importing Assets/Sprites/Character/Dragon Warrior PNG/hurt_02.png using Guid(c00d49e25087e51469846d2e22e2fa6d) Importer(815301076,1909f56bfc062723c751e8b465ee728b) (PreviewImporter) -> (artifact id: 'fcf4a8ffca297f4846a054ebd9edd364') in 0.0165078 seconds
Number of updated asset objects reloaded before import = 0Number of asset objects unloaded after import = 3

========================================================================
Received Import Request.
  Time since last request: 0.000017 seconds.
  path: Assets/Sprites/Character/Dragon Warrior PNG/die_002.png
  artifactKey: Guid(c96b02b971b0a4243881a4f47f4d3179) Importer(815301076,1909f56bfc062723c751e8b465ee728b)
Start importing Assets/Sprites/Character/Dragon Warrior PNG/die_002.png using Guid(c96b02b971b0a4243881a4f47f4d3179) Importer(815301076,1909f56bfc062723c751e8b465ee728b) (PreviewImporter) -> (artifact id: 'e214038aea1fa631b910f7f8c2a1d0e0') in 0.0123768 seconds
Number of updated asset objects reloaded before import = 0Number of asset objects unloaded after import = 3

========================================================================
Received Import Request.
  Time since last request: 0.000015 seconds.
  path: Assets/Sprites/Character/Dragon Warrior PNG/die_010.png
  artifactKey: Guid(ee54785c109c1014c87115db62440046) Importer(815301076,1909f56bfc062723c751e8b465ee728b)
Start importing Assets/Sprites/Character/Dragon Warrior PNG/die_010.png using Guid(ee54785c109c1014c87115db62440046) Importer(815301076,1909f56bfc062723c751e8b465ee728b) (PreviewImporter) -> (artifact id: 'bc0913f685d8ceeacc9c06a5a3072456') in 0.0166822 seconds
Number of updated asset objects reloaded before import = 0Number of asset objects unloaded after import = 3

========================================================================
Received Import Request.
  Time since last request: 0.000017 seconds.
  path: Assets/Sprites/Character/Dragon Warrior PNG/idle_02.png
  artifactKey: Guid(50a4a2787b97b4d4080a545cb036d0fb) Importer(815301076,1909f56bfc062723c751e8b465ee728b)
Start importing Assets/Sprites/Character/Dragon Warrior PNG/idle_02.png using Guid(50a4a2787b97b4d4080a545cb036d0fb) Importer(815301076,1909f56bfc062723c751e8b465ee728b) (PreviewImporter) -> (artifact id: '4376bb799c0d631232e4a70e08f96072') in 0.0169124 seconds
Number of updated asset objects reloaded before import = 0Number of asset objects unloaded after import = 3

========================================================================
Received Import Request.
  Time since last request: 0.000019 seconds.
  path: Assets/Sprites/Character/Dragon Warrior PNG/die_003.png
  artifactKey: Guid(2d0a58967735e414e8ccd71cf74ba3f5) Importer(815301076,1909f56bfc062723c751e8b465ee728b)
Start importing Assets/Sprites/Character/Dragon Warrior PNG/die_003.png using Guid(2d0a58967735e414e8ccd71cf74ba3f5) Importer(815301076,1909f56bfc062723c751e8b465ee728b) (PreviewImporter) -> (artifact id: '46da81eae274ec37036473b0bb662d74') in 0.0160474 seconds
Number of updated asset objects reloaded before import = 0Number of asset objects unloaded after import = 3

========================================================================
Received Import Request.
  Time since last request: 0.000016 seconds.
  path: Assets/Sprites/Character/Dragon Warrior PNG/crouch_01.png
  artifactKey: Guid(f11802c99509ede4c9db6c8746969cc8) Importer(815301076,1909f56bfc062723c751e8b465ee728b)
Start importing Assets/Sprites/Character/Dragon Warrior PNG/crouch_01.png using Guid(f11802c99509ede4c9db6c8746969cc8) Importer(815301076,1909f56bfc062723c751e8b465ee728b) (PreviewImporter) -> (artifact id: '4e47e5cc4a608fa26d91060f20c2b9ee') in 0.0189571 seconds
Number of updated asset objects reloaded before import = 0Number of asset objects unloaded after import = 3

========================================================================
Received Import Request.
  Time since last request: 0.000018 seconds.
  path: Assets/Sprites/Character/Dragon Warrior PNG/crouch_ATK_03.png
  artifactKey: Guid(e5a801c3d96b4f842b19dde07d6261ca) Importer(815301076,1909f56bfc062723c751e8b465ee728b)
Start importing Assets/Sprites/Character/Dragon Warrior PNG/crouch_ATK_03.png using Guid(e5a801c3d96b4f842b19dde07d6261ca) Importer(815301076,1909f56bfc062723c751e8b465ee728b) (PreviewImporter) -> (artifact id: '824565e200023dc379357666f85424a3') in 0.0149151 seconds
Number of updated asset objects reloaded before import = 0Number of asset objects unloaded after import = 3

========================================================================
Received Import Request.
  Time since last request: 0.000043 seconds.
  path: Assets/Sprites/Character/Dragon Warrior PNG/idle_03.png
  artifactKey: Guid(761e277bc5c84c3419e2a42c396dde31) Importer(815301076,1909f56bfc062723c751e8b465ee728b)
Start importing Assets/Sprites/Character/Dragon Warrior PNG/idle_03.png using Guid(761e277bc5c84c3419e2a42c396dde31) Importer(815301076,1909f56bfc062723c751e8b465ee728b) (PreviewImporter) -> (artifact id: 'eb99c65c33dcac66878f665f7465e4df') in 0.0154446 seconds
Number of updated asset objects reloaded before import = 0Number of asset objects unloaded after import = 3

========================================================================
Received Import Request.
  Time since last request: 0.000018 seconds.
  path: Assets/Sprites/Character/Dragon Warrior PNG/strike_02.png
  artifactKey: Guid(d039aec307e3c04479b3b8d8b1818bdc) Importer(815301076,1909f56bfc062723c751e8b465ee728b)
Start importing Assets/Sprites/Character/Dragon Warrior PNG/strike_02.png using Guid(d039aec307e3c04479b3b8d8b1818bdc) Importer(815301076,1909f56bfc062723c751e8b465ee728b) (PreviewImporter) -> (artifact id: '7f911df8b1544cb40fab31ae9e1ab4ec') in 0.0189426 seconds
Number of updated asset objects reloaded before import = 0Number of asset objects unloaded after import = 3

========================================================================
Received Import Request.
  Time since last request: 0.000019 seconds.
  path: Assets/Sprites/Character/Dragon Warrior PNG/attack_03.png
  artifactKey: Guid(080098adc5ac9cc428f1a442160eef31) Importer(815301076,1909f56bfc062723c751e8b465ee728b)
Start importing Assets/Sprites/Character/Dragon Warrior PNG/attack_03.png using Guid(080098adc5ac9cc428f1a442160eef31) Importer(815301076,1909f56bfc062723c751e8b465ee728b) (PreviewImporter) -> (artifact id: '352bc6a9f5fcaa39c1ebcc104bf10458') in 0.0156967 seconds
Number of updated asset objects reloaded before import = 0Number of asset objects unloaded after import = 3

========================================================================
Received Import Request.
  Time since last request: 0.000030 seconds.
  path: Assets/Sprites/Character/Dragon Warrior PNG/crouch_ATK_02.png
  artifactKey: Guid(629e63a13f5fdc0479184fc58e22bb9b) Importer(815301076,1909f56bfc062723c751e8b465ee728b)
Start importing Assets/Sprites/Character/Dragon Warrior PNG/crouch_ATK_02.png using Guid(629e63a13f5fdc0479184fc58e22bb9b) Importer(815301076,1909f56bfc062723c751e8b465ee728b) (PreviewImporter) -> (artifact id: 'b72f84697df47244646b87eebe5c465b') in 0.0176308 seconds
Number of updated asset objects reloaded before import = 0Number of asset objects unloaded after import = 3

========================================================================
Received Import Request.
  Time since last request: 0.000030 seconds.
  path: Assets/Sprites/Character/Dragon Warrior PNG/walk_05.png
  artifactKey: Guid(9306e39f0f362e24888908e2bc7ab52a) Importer(815301076,1909f56bfc062723c751e8b465ee728b)
Start importing Assets/Sprites/Character/Dragon Warrior PNG/walk_05.png using Guid(9306e39f0f362e24888908e2bc7ab52a) Importer(815301076,1909f56bfc062723c751e8b465ee728b) (PreviewImporter) -> (artifact id: '812f4194c33d718528d7bff944acff79') in 0.0173179 seconds
Number of updated asset objects reloaded before import = 0Number of asset objects unloaded after import = 3

========================================================================
Received Import Request.
  Time since last request: 0.000016 seconds.
  path: Assets/Sprites/Character/Dragon Warrior PNG/idle_04.png
  artifactKey: Guid(f53e5e300297519409f636d0b0aef3fa) Importer(815301076,1909f56bfc062723c751e8b465ee728b)
Start importing Assets/Sprites/Character/Dragon Warrior PNG/idle_04.png using Guid(f53e5e300297519409f636d0b0aef3fa) Importer(815301076,1909f56bfc062723c751e8b465ee728b) (PreviewImporter) -> (artifact id: '00b6e1af82db5aad1231286d877f4dbb') in 0.0261412 seconds
Number of updated asset objects reloaded before import = 0Number of asset objects unloaded after import = 3

========================================================================
Received Import Request.
  Time since last request: 0.000017 seconds.
  path: Assets/Sprites/Character/Dragon Warrior PNG/idle_06.png
  artifactKey: Guid(4f4ced12cb9b05c488e369f8bae6ab32) Importer(815301076,1909f56bfc062723c751e8b465ee728b)
Start importing Assets/Sprites/Character/Dragon Warrior PNG/idle_06.png using Guid(4f4ced12cb9b05c488e369f8bae6ab32) Importer(815301076,1909f56bfc062723c751e8b465ee728b) (PreviewImporter) -> (artifact id: '21b3fc47139dcab5c82b1fd5fc178878') in 0.0080469 seconds
Number of updated asset objects reloaded before import = 0Number of asset objects unloaded after import = 3

========================================================================
Received Import Request.
  Time since last request: 0.000018 seconds.
  path: Assets/Sprites/Character/Dragon Warrior PNG/jumpATK_01.png
  artifactKey: Guid(f1b31f7728766914f9bdd24da0c6c15d) Importer(815301076,1909f56bfc062723c751e8b465ee728b)
Start importing Assets/Sprites/Character/Dragon Warrior PNG/jumpATK_01.png using Guid(f1b31f7728766914f9bdd24da0c6c15d) Importer(815301076,1909f56bfc062723c751e8b465ee728b) (PreviewImporter) -> (artifact id: '025dceced01a1bbe8a6a4d04f6d49d02') in 0.0142573 seconds
Number of updated asset objects reloaded before import = 0Number of asset objects unloaded after import = 3

========================================================================
Received Import Request.
  Time since last request: 0.000018 seconds.
  path: Assets/Sprites/Character/Dragon Warrior PNG/idle_05.png
  artifactKey: Guid(d6f80947af627e947b45cfa7a5ccc2c9) Importer(815301076,1909f56bfc062723c751e8b465ee728b)
Start importing Assets/Sprites/Character/Dragon Warrior PNG/idle_05.png using Guid(d6f80947af627e947b45cfa7a5ccc2c9) Importer(815301076,1909f56bfc062723c751e8b465ee728b) (PreviewImporter) -> (artifact id: '83471bcb350d2d534313eadf2e637f37') in 0.0092297 seconds
Number of updated asset objects reloaded before import = 0Number of asset objects unloaded after import = 3

========================================================================
Received Import Request.
  Time since last request: 0.000023 seconds.
  path: Assets/Sprites/Character/Dragon Warrior PNG/crouch_02.png
  artifactKey: Guid(4712c1ad024e03b4c97cf0683831cff8) Importer(815301076,1909f56bfc062723c751e8b465ee728b)
Start importing Assets/Sprites/Character/Dragon Warrior PNG/crouch_02.png using Guid(4712c1ad024e03b4c97cf0683831cff8) Importer(815301076,1909f56bfc062723c751e8b465ee728b) (PreviewImporter) -> (artifact id: '3f8edc7efda27f077ba73006e27a7099') in 0.014246 seconds
Number of updated asset objects reloaded before import = 0Number of asset objects unloaded after import = 3

========================================================================
Received Import Request.
  Time since last request: 0.000019 seconds.
  path: Assets/Sprites/Character/Dragon Warrior PNG/jump_01.png
  artifactKey: Guid(b7297c1f2406fc74eaedd34307edb24b) Importer(815301076,1909f56bfc062723c751e8b465ee728b)
Start importing Assets/Sprites/Character/Dragon Warrior PNG/jump_01.png using Guid(b7297c1f2406fc74eaedd34307edb24b) Importer(815301076,1909f56bfc062723c751e8b465ee728b) (PreviewImporter) -> (artifact id: '55d713f684f3898991dde60ba511f64f') in 0.0147248 seconds
Number of updated asset objects reloaded before import = 0Number of asset objects unloaded after import = 3

========================================================================
Received Import Request.
  Time since last request: 0.000018 seconds.
  path: Assets/Sprites/Character/Dragon Warrior PNG/die_007.png
  artifactKey: Guid(ab0b98e236d3caa4fa823f29bd31e1c7) Importer(815301076,1909f56bfc062723c751e8b465ee728b)
Start importing Assets/Sprites/Character/Dragon Warrior PNG/die_007.png using Guid(ab0b98e236d3caa4fa823f29bd31e1c7) Importer(815301076,1909f56bfc062723c751e8b465ee728b) (PreviewImporter) -> (artifact id: '6c55ace0cc0323378c50da1dc5c906f5') in 0.0141897 seconds
Number of updated asset objects reloaded before import = 0Number of asset objects unloaded after import = 3

========================================================================
Received Import Request.
  Time since last request: 0.000019 seconds.
  path: Assets/Sprites/Character/Dragon Warrior PNG/idle_01.png
  artifactKey: Guid(20daa800a641d9e4cae18a06630db1ef) Importer(815301076,1909f56bfc062723c751e8b465ee728b)
Start importing Assets/Sprites/Character/Dragon Warrior PNG/idle_01.png using Guid(20daa800a641d9e4cae18a06630db1ef) Importer(815301076,1909f56bfc062723c751e8b465ee728b) (PreviewImporter) -> (artifact id: '9396e3294502a3ac3050e7dde659f015') in 0.0127663 seconds
Number of updated asset objects reloaded before import = 0Number of asset objects unloaded after import = 3

========================================================================
Received Import Request.
  Time since last request: 0.000019 seconds.
  path: Assets/Sprites/Character/Dragon Warrior PNG/die_001.png
  artifactKey: Guid(78cb51b531ddb89419c7fa611c7098dc) Importer(815301076,1909f56bfc062723c751e8b465ee728b)
Start importing Assets/Sprites/Character/Dragon Warrior PNG/die_001.png using Guid(78cb51b531ddb89419c7fa611c7098dc) Importer(815301076,1909f56bfc062723c751e8b465ee728b) (PreviewImporter) -> (artifact id: '0d8b7cd169c0d4b3e67eb91d9834ef6f') in 0.0083544 seconds
Number of updated asset objects reloaded before import = 0Number of asset objects unloaded after import = 3

========================================================================
Received Import Request.
  Time since last request: 0.000015 seconds.
  path: Assets/Sprites/Character/Dragon Warrior PNG/jumpATK_02.png
  artifactKey: Guid(c0ce46792cbd15b448935b4e757cbc02) Importer(815301076,1909f56bfc062723c751e8b465ee728b)
Start importing Assets/Sprites/Character/Dragon Warrior PNG/jumpATK_02.png using Guid(c0ce46792cbd15b448935b4e757cbc02) Importer(815301076,1909f56bfc062723c751e8b465ee728b) (PreviewImporter) -> (artifact id: '42e0cef2323aa4126178aeae4bac8abe') in 0.014586 seconds
Number of updated asset objects reloaded before import = 0Number of asset objects unloaded after import = 3

Editor requested this worker to shutdown with reason: Scaling down because of idle timeout
AssetImportWorker is now disconnected from the server
Process exiting
Exiting without the bug reporter. Application will terminate with return code 0